TN:
SF:app/javascript/controllers/application.js
FNF:0
FNH:0
DA:3,0
DA:4,0
DA:7,0
DA:8,0
DA:10,0
LF:5
LH:0
BRF:0
BRH:0
end_of_record
TN:
SF:app/javascript/controllers/dark_mode_controller.js
FN:4,(anonymous_0)
FN:14,(anonymous_1)
FN:28,(anonymous_2)
FNF:3
FNH:0
FNDA:0,(anonymous_0)
FNDA:0,(anonymous_1)
FNDA:0,(anonymous_2)
DA:5,0
DA:8,0
DA:9,0
DA:11,0
DA:15,0
DA:17,0
DA:18,0
DA:20,0
DA:22,0
DA:23,0
DA:25,0
DA:29,0
DA:31,0
DA:32,0
DA:33,0
DA:34,0
DA:36,0
DA:37,0
DA:38,0
DA:41,0
LF:20
LH:0
BRDA:8,0,0,0
BRDA:8,0,1,0
BRDA:17,1,0,0
BRDA:17,1,1,0
BRDA:18,2,0,0
BRDA:18,2,1,0
BRDA:31,3,0,0
BRDA:31,3,1,0
BRF:8
BRH:0
end_of_record
TN:
SF:app/javascript/controllers/hello_controller.js
FN:4,(anonymous_0)
FNF:1
FNH:0
FNDA:0,(anonymous_0)
DA:5,0
LF:1
LH:0
BRF:0
BRH:0
end_of_record
TN:
SF:app/javascript/controllers/long_press_controller.js
FN:11,(anonymous_0)
FN:26,(anonymous_1)
FN:39,(anonymous_2)
FN:49,(anonymous_3)
FN:60,(anonymous_4)
FN:64,(anonymous_5)
FN:76,(anonymous_6)
FN:81,(anonymous_7)
FN:89,(anonymous_8)
FN:117,(anonymous_9)
FN:122,(anonymous_10)
FN:127,(anonymous_11)
FN:135,(anonymous_12)
FN:145,(anonymous_13)
FN:152,(anonymous_14)
FN:164,(anonymous_15)
FN:199,(anonymous_16)
FN:214,(anonymous_17)
FN:226,(anonymous_18)
FN:234,(anonymous_19)
FN:245,(anonymous_20)
FNF:21
FNH:11
FNDA:16,(anonymous_0)
FNDA:0,(anonymous_1)
FNDA:0,(anonymous_2)
FNDA:0,(anonymous_3)
FNDA:0,(anonymous_4)
FNDA:0,(anonymous_5)
FNDA:0,(anonymous_6)
FNDA:1,(anonymous_7)
FNDA:10,(anonymous_8)
FNDA:0,(anonymous_9)
FNDA:0,(anonymous_10)
FNDA:6,(anonymous_11)
FNDA:10,(anonymous_12)
FNDA:11,(anonymous_13)
FNDA:2,(anonymous_14)
FNDA:1,(anonymous_15)
FNDA:11,(anonymous_16)
FNDA:3,(anonymous_17)
FNDA:9,(anonymous_18)
FNDA:0,(anonymous_19)
FNDA:0,(anonymous_20)
DA:5,1
DA:6,1
DA:12,16
DA:13,16
DA:14,16
DA:15,16
DA:16,16
DA:18,16
DA:20,16
DA:21,16
DA:22,16
DA:23,16
DA:27,0
DA:29,0
DA:30,0
DA:31,0
DA:32,0
DA:34,0
DA:35,0
DA:41,0
DA:43,0
DA:44,0
DA:45,0
DA:46,0
DA:49,0
DA:50,0
DA:51,0
DA:56,0
DA:57,0
DA:61,0
DA:65,0
DA:68,0
DA:69,0
DA:71,0
DA:72,0
DA:78,0
DA:83,1
DA:86,1
DA:91,10
DA:92,1
DA:95,10
DA:96,10
DA:97,10
DA:100,10
DA:101,10
DA:102,10
DA:105,10
DA:106,10
DA:109,10
DA:110,0
DA:113,10
DA:114,10
DA:117,10
DA:118,0
DA:122,10
DA:123,0
DA:127,10
DA:128,6
DA:129,6
DA:132,10
DA:136,10
DA:137,10
DA:140,10
DA:141,10
DA:142,1
DA:145,10
DA:146,11
DA:147,11
DA:148,11
DA:152,11
DA:153,2
DA:154,2
DA:155,2
DA:156,2
DA:158,11
DA:161,10
DA:165,1
DA:166,1
DA:169,1
DA:170,1
DA:171,1
DA:178,1
DA:179,1
DA:180,1
DA:187,1
DA:188,1
DA:189,0
DA:196,1
DA:200,11
DA:211,11
DA:215,3
DA:218,3
DA:219,3
DA:221,3
DA:222,3
DA:227,9
DA:229,9
DA:230,9
DA:232,9
DA:234,9
DA:235,0
DA:236,0
DA:240,9
DA:241,9
DA:246,0
DA:247,0
DA:248,0
DA:249,0
DA:252,0
DA:253,0
LF:110
LH:74
BRDA:18,0,0,16
BRDA:18,0,1,0
BRDA:27,1,0,0
BRDA:27,1,1,0
BRDA:34,2,0,0
BRDA:34,2,1,0
BRDA:41,3,0,0
BRDA:41,3,1,0
BRDA:50,4,0,0
BRDA:50,4,1,0
BRDA:56,5,0,0
BRDA:56,5,1,0
BRDA:65,6,0,0
BRDA:65,6,1,0
BRDA:71,7,0,0
BRDA:71,7,1,0
BRDA:71,8,0,0
BRDA:71,8,1,0
BRDA:91,9,0,1
BRDA:91,9,1,9
BRDA:109,10,0,0
BRDA:109,10,1,10
BRDA:128,11,0,6
BRDA:128,11,1,0
BRDA:141,12,0,1
BRDA:141,12,1,9
BRDA:141,13,0,10
BRDA:141,13,1,10
BRDA:149,14,0,11
BRDA:149,14,1,0
BRDA:166,15,0,1
BRDA:166,15,1,0
BRDA:170,16,0,1
BRDA:170,16,1,0
BRDA:170,17,0,1
BRDA:170,17,1,1
BRDA:179,18,0,1
BRDA:179,18,1,0
BRDA:179,19,0,1
BRDA:179,19,1,1
BRDA:188,20,0,0
BRDA:188,20,1,1
BRDA:188,21,0,1
BRDA:188,21,1,0
BRDA:211,22,0,11
BRDA:211,22,1,0
BRDA:215,23,0,3
BRDA:215,23,1,0
BRDA:219,24,0,3
BRDA:219,24,1,0
BRDA:227,25,0,0
BRDA:227,25,1,9
BRDA:235,26,0,0
BRDA:235,26,1,0
BRDA:240,27,0,9
BRDA:240,27,1,0
BRDA:247,28,0,0
BRDA:247,28,1,0
BRDA:252,29,0,0
BRDA:252,29,1,0
BRF:60
BRH:24
end_of_record
TN:
SF:app/javascript/controllers/mobile_menu_controller.js
FN:27,(anonymous_0)
FN:60,(anonymous_1)
FN:72,(anonymous_2)
FN:85,(anonymous_3)
FN:96,(anonymous_4)
FN:117,(anonymous_5)
FN:123,(anonymous_6)
FN:150,(anonymous_7)
FN:155,(anonymous_8)
FN:189,(anonymous_9)
FN:201,(anonymous_10)
FN:207,(anonymous_11)
FN:213,(anonymous_12)
FN:227,(anonymous_13)
FN:233,(anonymous_14)
FN:255,(anonymous_15)
FN:266,(anonymous_16)
FN:274,(anonymous_17)
FN:288,(anonymous_18)
FN:297,(anonymous_19)
FN:307,(anonymous_20)
FN:315,(anonymous_21)
FN:323,(anonymous_22)
FN:337,(anonymous_23)
FNF:24
FNH:0
FNDA:0,(anonymous_0)
FNDA:0,(anonymous_1)
FNDA:0,(anonymous_2)
FNDA:0,(anonymous_3)
FNDA:0,(anonymous_4)
FNDA:0,(anonymous_5)
FNDA:0,(anonymous_6)
FNDA:0,(anonymous_7)
FNDA:0,(anonymous_8)
FNDA:0,(anonymous_9)
FNDA:0,(anonymous_10)
FNDA:0,(anonymous_11)
FNDA:0,(anonymous_12)
FNDA:0,(anonymous_13)
FNDA:0,(anonymous_14)
FNDA:0,(anonymous_15)
FNDA:0,(anonymous_16)
FNDA:0,(anonymous_17)
FNDA:0,(anonymous_18)
FNDA:0,(anonymous_19)
FNDA:0,(anonymous_20)
FNDA:0,(anonymous_21)
FNDA:0,(anonymous_22)
FNDA:0,(anonymous_23)
DA:25,0
DA:28,0
DA:31,0
DA:32,0
DA:33,0
DA:36,0
DA:39,0
DA:42,0
DA:44,0
DA:45,0
DA:46,0
DA:48,0
DA:49,0
DA:50,0
DA:52,0
DA:53,0
DA:57,0
DA:61,0
DA:64,0
DA:65,0
DA:68,0
DA:73,0
DA:74,0
DA:75,0
DA:78,0
DA:79,0
DA:80,0
DA:86,0
DA:88,0
DA:89,0
DA:91,0
DA:97,0
DA:99,0
DA:102,0
DA:105,0
DA:108,0
DA:111,0
DA:114,0
DA:117,0
DA:118,0
DA:124,0
DA:126,0
DA:129,0
DA:132,0
DA:135,0
DA:138,0
DA:141,0
DA:144,0
DA:145,0
DA:151,0
DA:157,0
DA:158,0
DA:162,0
DA:163,0
DA:165,0
DA:166,0
DA:169,0
DA:170,0
DA:175,0
DA:176,0
DA:178,0
DA:179,0
DA:182,0
DA:183,0
DA:190,0
DA:191,0
DA:192,0
DA:195,0
DA:196,0
DA:202,0
DA:203,0
DA:208,0
DA:209,0
DA:214,0
DA:216,0
DA:218,0
DA:219,0
DA:221,0
DA:222,0
DA:228,0
DA:229,0
DA:234,0
DA:236,0
DA:237,0
DA:239,0
DA:241,0
DA:242,0
DA:243,0
DA:247,0
DA:248,0
DA:249,0
DA:256,0
DA:259,0
DA:262,0
DA:267,0
DA:268,0
DA:270,0
DA:275,0
DA:285,0
DA:288,0
DA:289,0
DA:298,0
DA:299,0
DA:300,0
DA:302,0
DA:309,0
DA:310,0
DA:317,0
DA:318,0
DA:324,0
DA:338,0
LF:111
LH:0
BRDA:44,0,0,0
BRDA:44,0,1,0
BRDA:48,1,0,0
BRDA:48,1,1,0
BRDA:52,2,0,0
BRDA:52,2,1,0
BRDA:73,3,0,0
BRDA:73,3,1,0
BRDA:78,4,0,0
BRDA:78,4,1,0
BRDA:88,5,0,0
BRDA:88,5,1,0
BRDA:144,6,0,0
BRDA:144,6,1,0
BRDA:157,7,0,0
BRDA:157,7,1,0
BRDA:162,8,0,0
BRDA:162,8,1,0
BRDA:163,9,0,0
BRDA:163,9,1,0
BRDA:175,10,0,0
BRDA:175,10,1,0
BRDA:176,11,0,0
BRDA:176,11,1,0
BRDA:190,12,0,0
BRDA:190,12,1,0
BRDA:192,13,0,0
BRDA:192,13,1,0
BRDA:195,14,0,0
BRDA:195,14,1,0
BRDA:209,15,0,0
BRDA:209,15,1,0
BRDA:214,16,0,0
BRDA:214,16,1,0
BRDA:216,17,0,0
BRDA:216,17,1,0
BRDA:234,18,0,0
BRDA:234,18,1,0
BRDA:234,19,0,0
BRDA:234,19,1,0
BRDA:239,20,0,0
BRDA:239,20,1,0
BRDA:241,21,0,0
BRDA:241,21,1,0
BRDA:247,22,0,0
BRDA:247,22,1,0
BRDA:256,23,0,0
BRDA:256,23,1,0
BRDA:267,24,0,0
BRDA:267,24,1,0
BRDA:289,25,0,0
BRDA:289,25,1,0
BRDA:289,25,2,0
BRDA:289,25,3,0
BRDA:298,26,0,0
BRDA:298,26,1,0
BRDA:298,27,0,0
BRDA:298,27,1,0
BRDA:300,28,0,0
BRDA:300,28,1,0
BRDA:309,29,0,0
BRDA:309,29,1,0
BRDA:317,30,0,0
BRDA:317,30,1,0
BRDA:317,31,0,0
BRDA:317,31,1,0
BRDA:332,32,0,0
BRDA:332,32,1,0
BRF:68
BRH:0
end_of_record
TN:
SF:app/javascript/controllers/notification_controller.js
FN:7,(anonymous_0)
FN:12,(anonymous_1)
FN:17,(anonymous_2)
FN:24,(anonymous_3)
FNF:4
FNH:0
FNDA:0,(anonymous_0)
FNDA:0,(anonymous_1)
FNDA:0,(anonymous_2)
FNDA:0,(anonymous_3)
DA:5,0
DA:9,0
DA:12,0
DA:13,0
DA:19,0
DA:20,0
DA:21,0
DA:24,0
DA:25,0
LF:9
LH:0
BRDA:9,0,0,0
BRDA:9,0,1,0
BRF:2
BRH:0
end_of_record
TN:
SF:app/javascript/controllers/post_actions_controller.js
FN:7,(anonymous_0)
FN:12,(anonymous_1)
FN:74,(anonymous_2)
FN:126,(anonymous_3)
FN:179,(anonymous_4)
FN:185,(anonymous_5)
FN:206,(anonymous_6)
FN:214,(anonymous_7)
FN:224,(anonymous_8)
FN:247,(anonymous_9)
FN:260,(anonymous_10)
FNF:11
FNH:8
FNDA:10,(anonymous_0)
FNDA:0,(anonymous_1)
FNDA:0,(anonymous_2)
FNDA:0,(anonymous_3)
FNDA:1,(anonymous_4)
FNDA:3,(anonymous_5)
FNDA:1,(anonymous_6)
FNDA:1,(anonymous_7)
FNDA:2,(anonymous_8)
FNDA:1,(anonymous_9)
FNDA:1,(anonymous_10)
DA:5,1
DA:8,10
DA:13,0
DA:14,0
DA:15,0
DA:17,0
DA:20,0
DA:22,0
DA:23,0
DA:33,0
DA:35,0
DA:37,0
DA:38,0
DA:39,0
DA:41,0
DA:45,0
DA:46,0
DA:48,0
DA:50,0
DA:51,0
DA:54,0
DA:55,0
DA:58,0
DA:62,0
DA:63,0
DA:67,0
DA:68,0
DA:69,0
DA:75,0
DA:76,0
DA:77,0
DA:79,0
DA:81,0
DA:83,0
DA:84,0
DA:94,0
DA:95,0
DA:96,0
DA:97,0
DA:99,0
DA:102,0
DA:104,0
DA:105,0
DA:106,0
DA:107,0
DA:109,0
DA:110,0
DA:114,0
DA:115,0
DA:119,0
DA:120,0
DA:121,0
DA:127,0
DA:128,0
DA:129,0
DA:131,0
DA:133,0
DA:135,0
DA:136,0
DA:146,0
DA:147,0
DA:148,0
DA:149,0
DA:151,0
DA:154,0
DA:156,0
DA:157,0
DA:158,0
DA:159,0
DA:161,0
DA:162,0
DA:166,0
DA:167,0
DA:171,0
DA:172,0
DA:173,0
DA:180,1
DA:181,1
DA:182,1
DA:186,3
DA:187,2
DA:188,2
DA:190,2
DA:191,2
DA:198,1
DA:199,1
DA:200,1
DA:201,1
DA:207,1
DA:209,1
DA:210,1
DA:211,1
DA:214,1
DA:215,1
DA:216,1
DA:217,1
DA:219,0
DA:225,2
DA:226,2
DA:227,2
DA:229,2
DA:232,2
DA:234,2
DA:236,1
DA:237,1
DA:239,1
DA:240,1
DA:242,0
DA:249,1
DA:250,1
DA:251,1
DA:252,1
DA:253,1
DA:254,1
DA:255,1
DA:261,1
DA:264,1
DA:265,1
DA:266,1
DA:267,1
DA:279,1
DA:282,0
LF:122
LH:45
BRDA:35,0,0,0
BRDA:35,0,1,0
BRDA:37,1,0,0
BRDA:37,1,1,0
BRDA:37,2,0,0
BRDA:37,2,1,0
BRDA:45,3,0,0
BRDA:45,3,1,0
BRDA:48,4,0,0
BRDA:48,4,1,0
BRDA:54,5,0,0
BRDA:54,5,1,0
BRDA:94,6,0,0
BRDA:94,6,1,0
BRDA:95,7,0,0
BRDA:95,7,1,0
BRDA:95,8,0,0
BRDA:95,8,1,0
BRDA:102,9,0,0
BRDA:102,9,1,0
BRDA:104,10,0,0
BRDA:104,10,1,0
BRDA:106,11,0,0
BRDA:106,11,1,0
BRDA:146,12,0,0
BRDA:146,12,1,0
BRDA:147,13,0,0
BRDA:147,13,1,0
BRDA:147,14,0,0
BRDA:147,14,1,0
BRDA:154,15,0,0
BRDA:154,15,1,0
BRDA:156,16,0,0
BRDA:156,16,1,0
BRDA:158,17,0,0
BRDA:158,17,1,0
BRDA:180,18,0,1
BRDA:180,18,1,0
BRDA:186,19,0,2
BRDA:186,19,1,1
BRDA:200,20,0,1
BRDA:200,20,1,0
BRDA:216,21,0,1
BRDA:216,21,1,0
BRDA:227,22,0,2
BRDA:227,22,1,0
BRDA:234,23,0,1
BRDA:234,23,1,1
BRDA:234,23,2,0
BRDA:250,24,0,1
BRDA:250,24,1,0
BRDA:253,25,0,1
BRDA:253,25,1,0
BRDA:265,26,0,1
BRDA:265,26,1,0
BRF:55
BRH:11
end_of_record
TN:
SF:app/javascript/controllers/pull_to_refresh_controller.js
FN:11,(anonymous_0)
FN:28,(anonymous_1)
FN:40,(anonymous_2)
FN:47,(anonymous_3)
FN:60,(anonymous_4)
FN:74,(anonymous_5)
FN:97,(anonymous_6)
FN:114,(anonymous_7)
FN:118,(anonymous_8)
FN:125,(anonymous_9)
FN:131,(anonymous_10)
FN:141,(anonymous_11)
FN:149,(anonymous_12)
FN:156,(anonymous_13)
FN:168,(anonymous_14)
FN:179,(anonymous_15)
FNF:16
FNH:0
FNDA:0,(anonymous_0)
FNDA:0,(anonymous_1)
FNDA:0,(anonymous_2)
FNDA:0,(anonymous_3)
FNDA:0,(anonymous_4)
FNDA:0,(anonymous_5)
FNDA:0,(anonymous_6)
FNDA:0,(anonymous_7)
FNDA:0,(anonymous_8)
FNDA:0,(anonymous_9)
FNDA:0,(anonymous_10)
FNDA:0,(anonymous_11)
FNDA:0,(anonymous_12)
FNDA:0,(anonymous_13)
FNDA:0,(anonymous_14)
FNDA:0,(anonymous_15)
DA:5,0
DA:6,0
DA:12,0
DA:13,0
DA:14,0
DA:15,0
DA:18,0
DA:21,0
DA:23,0
DA:24,0
DA:25,0
DA:29,0
DA:31,0
DA:32,0
DA:33,0
DA:35,0
DA:36,0
DA:41,0
DA:43,0
DA:44,0
DA:48,0
DA:50,0
DA:51,0
DA:53,0
DA:54,0
DA:55,0
DA:56,0
DA:61,0
DA:63,0
DA:65,0
DA:66,0
DA:68,0
DA:71,0
DA:75,0
DA:76,0
DA:77,0
DA:80,0
DA:81,0
DA:84,0
DA:85,0
DA:87,0
DA:88,0
DA:89,0
DA:92,0
DA:93,0
DA:98,0
DA:99,0
DA:102,0
DA:105,0
DA:108,0
DA:115,0
DA:116,0
DA:120,0
DA:121,0
DA:123,0
DA:126,0
DA:127,0
DA:133,0
DA:134,0
DA:135,0
DA:137,0
DA:138,0
DA:141,0
DA:142,0
DA:143,0
DA:144,0
DA:145,0
DA:150,0
DA:151,0
DA:152,0
DA:153,0
DA:157,0
DA:158,0
DA:159,0
DA:169,0
DA:170,0
DA:171,0
DA:180,0
DA:181,0
DA:182,0
DA:192,0
DA:193,0
DA:194,0
DA:198,0
DA:201,0
DA:204,0
DA:205,0
LF:87
LH:0
BRDA:21,0,0,0
BRDA:21,0,1,0
BRDA:29,1,0,0
BRDA:29,1,1,0
BRDA:35,2,0,0
BRDA:35,2,1,0
BRDA:41,3,0,0
BRDA:41,3,1,0
BRDA:41,4,0,0
BRDA:41,4,1,0
BRDA:48,5,0,0
BRDA:48,5,1,0
BRDA:48,6,0,0
BRDA:48,6,1,0
BRDA:53,7,0,0
BRDA:53,7,1,0
BRDA:61,8,0,0
BRDA:61,8,1,0
BRDA:61,9,0,0
BRDA:61,9,1,0
BRDA:65,10,0,0
BRDA:65,10,1,0
BRDA:84,11,0,0
BRDA:84,11,1,0
BRDA:87,12,0,0
BRDA:87,12,1,0
BRDA:105,13,0,0
BRDA:105,13,1,0
BRDA:115,14,0,0
BRDA:115,14,1,0
BRDA:120,15,0,0
BRDA:120,15,1,0
BRDA:133,16,0,0
BRDA:133,16,1,0
BRDA:158,17,0,0
BRDA:158,17,1,0
BRDA:170,18,0,0
BRDA:170,18,1,0
BRDA:193,19,0,0
BRDA:193,19,1,0
BRDA:193,20,0,0
BRDA:193,20,1,0
BRF:42
BRH:0
end_of_record
TN:
SF:app/javascript/controllers/source_filters_controller.js
FN:6,(anonymous_0)
FN:10,(anonymous_1)
FN:15,(anonymous_2)
FN:27,(anonymous_3)
FN:41,(anonymous_4)
FN:42,(anonymous_5)
FN:52,(anonymous_6)
FN:53,(anonymous_7)
FN:63,(anonymous_8)
FN:77,(anonymous_9)
FNF:10
FNH:9
FNDA:16,(anonymous_0)
FNDA:0,(anonymous_1)
FNDA:3,(anonymous_2)
FNDA:17,(anonymous_3)
FNDA:2,(anonymous_4)
FNDA:6,(anonymous_5)
FNDA:2,(anonymous_6)
FNDA:6,(anonymous_7)
FNDA:3,(anonymous_8)
FNDA:2,(anonymous_9)
DA:4,1
DA:7,16
DA:16,3
DA:17,3
DA:18,3
DA:20,3
DA:21,3
DA:22,3
DA:28,17
DA:29,17
DA:30,17
DA:31,10
DA:32,10
DA:34,7
DA:35,7
DA:42,2
DA:43,6
DA:44,6
DA:45,6
DA:46,6
DA:53,2
DA:54,6
DA:55,6
DA:56,6
DA:57,6
DA:64,3
DA:65,3
DA:67,3
DA:68,2
DA:69,2
DA:71,1
DA:72,1
DA:78,2
DA:79,1
DA:80,1
LF:35
LH:35
BRDA:20,0,0,3
BRDA:20,0,1,0
BRDA:29,1,0,17
BRDA:29,1,1,0
BRDA:30,2,0,10
BRDA:30,2,1,7
BRDA:45,3,0,6
BRDA:45,3,1,0
BRDA:56,4,0,6
BRDA:56,4,1,0
BRDA:67,5,0,2
BRDA:67,5,1,1
BRDA:78,6,0,1
BRDA:78,6,1,1
BRF:14
BRH:10
end_of_record
TN:
SF:app/javascript/controllers/swipe_actions_controller.js
FN:11,(anonymous_0)
FN:26,(anonymous_1)
FN:37,(anonymous_2)
FN:52,(anonymous_3)
FN:69,(anonymous_4)
FN:88,(anonymous_5)
FN:110,(anonymous_6)
FN:122,(anonymous_7)
FN:129,(anonymous_8)
FN:136,(anonymous_9)
FN:143,(anonymous_10)
FN:150,(anonymous_11)
FN:158,(anonymous_12)
FN:165,(anonymous_13)
FN:171,(anonymous_14)
FN:178,(anonymous_15)
FN:184,(anonymous_16)
FN:199,(anonymous_17)
FN:206,(anonymous_18)
FNF:19
FNH:12
FNDA:11,(anonymous_0)
FNDA:0,(anonymous_1)
FNDA:5,(anonymous_2)
FNDA:4,(anonymous_3)
FNDA:2,(anonymous_4)
FNDA:7,(anonymous_5)
FNDA:6,(anonymous_6)
FNDA:6,(anonymous_7)
FNDA:3,(anonymous_8)
FNDA:1,(anonymous_9)
FNDA:8,(anonymous_10)
FNDA:0,(anonymous_11)
FNDA:0,(anonymous_12)
FNDA:0,(anonymous_13)
FNDA:0,(anonymous_14)
FNDA:0,(anonymous_15)
FNDA:0,(anonymous_16)
FNDA:2,(anonymous_17)
FNDA:11,(anonymous_18)
DA:5,1
DA:6,1
DA:12,11
DA:13,11
DA:14,11
DA:15,11
DA:18,11
DA:19,11
DA:20,11
DA:23,11
DA:28,0
DA:29,0
DA:30,0
DA:33,0
DA:34,0
DA:38,5
DA:40,5
DA:41,5
DA:42,5
DA:43,5
DA:46,5
DA:49,5
DA:53,4
DA:55,4
DA:56,4
DA:57,4
DA:60,4
DA:63,4
DA:66,4
DA:70,2
DA:72,2
DA:73,2
DA:76,2
DA:79,2
DA:80,0
DA:82,2
DA:85,2
DA:90,7
DA:93,7
DA:96,7
DA:98,6
DA:99,6
DA:100,1
DA:102,1
DA:103,1
DA:105,0
DA:106,0
DA:111,6
DA:113,6
DA:115,3
DA:116,3
DA:117,3
DA:118,0
DA:123,6
DA:124,6
DA:125,6
DA:130,3
DA:131,3
DA:132,3
DA:137,1
DA:138,1
DA:139,1
DA:144,8
DA:145,8
DA:146,8
DA:151,0
DA:152,0
DA:154,0
DA:160,0
DA:161,0
DA:162,0
DA:165,0
DA:166,0
DA:173,0
DA:174,0
DA:175,0
DA:178,0
DA:179,0
DA:186,0
DA:189,0
DA:190,0
DA:192,0
DA:196,0
DA:200,2
DA:201,2
DA:202,2
DA:203,2
DA:208,11
DA:211,11
DA:212,11
DA:214,11
DA:215,11
DA:216,11
DA:219,11
DA:220,11
DA:224,11
DA:225,11
DA:226,11
DA:234,11
DA:235,11
DA:236,11
DA:244,11
DA:245,11
LF:103
LH:76
BRDA:33,0,0,0
BRDA:33,0,1,0
BRDA:34,1,0,0
BRDA:34,1,1,0
BRDA:38,2,0,0
BRDA:38,2,1,5
BRDA:53,3,0,0
BRDA:53,3,1,4
BRDA:53,4,0,4
BRDA:53,4,1,4
BRDA:70,5,0,0
BRDA:70,5,1,2
BRDA:79,6,0,0
BRDA:79,6,1,2
BRDA:79,7,0,2
BRDA:79,7,1,1
BRDA:96,8,0,6
BRDA:96,8,1,1
BRDA:100,9,0,1
BRDA:100,9,1,0
BRDA:113,10,0,3
BRDA:113,10,1,3
BRDA:113,11,0,6
BRDA:113,11,1,3
BRDA:117,12,0,0
BRDA:117,12,1,3
BRDA:117,13,0,3
BRDA:117,13,1,3
BRDA:123,14,0,6
BRDA:123,14,1,0
BRDA:130,15,0,3
BRDA:130,15,1,0
BRDA:137,16,0,1
BRDA:137,16,1,0
BRDA:144,17,0,8
BRDA:144,17,1,0
BRDA:151,18,0,0
BRDA:151,18,1,0
BRDA:161,19,0,0
BRDA:161,19,1,0
BRDA:174,20,0,0
BRDA:174,20,1,0
BRDA:189,21,0,0
BRDA:189,21,1,0
BRDA:212,22,0,11
BRDA:212,22,1,0
BRF:46
BRH:23
end_of_record
TN:
SF:app/javascript/controllers/touch_feedback_controller.js
FN:11,(anonymous_0)
FN:22,(anonymous_1)
FN:33,(anonymous_2)
FN:52,(anonymous_3)
FN:62,(anonymous_4)
FNF:5
FNH:5
FNDA:19,(anonymous_0)
FNDA:6,(anonymous_1)
FNDA:4,(anonymous_2)
FNDA:2,(anonymous_3)
FNDA:2,(anonymous_4)
DA:6,1
DA:13,19
DA:14,18
DA:18,19
DA:19,19
DA:24,6
DA:25,6
DA:29,6
DA:30,6
DA:35,4
DA:38,4
DA:40,0
DA:41,0
DA:43,4
DA:44,4
DA:47,0
DA:48,0
DA:52,4
DA:53,2
DA:54,2
DA:55,2
DA:58,4
DA:59,4
DA:64,2
DA:65,0
LF:25
LH:20
BRDA:13,0,0,18
BRDA:13,0,1,1
BRDA:24,1,0,6
BRDA:24,1,1,0
BRDA:38,2,0,0
BRDA:38,2,1,4
BRDA:38,2,2,0
BRDA:38,2,3,0
BRDA:64,3,0,0
BRDA:64,3,1,2
BRDA:64,4,0,2
BRDA:64,4,1,1
BRF:12
BRH:7
end_of_record
TN:
SF:app/javascript/entrypoints/application.js
FN:35,(anonymous_0)
FNF:1
FNH:0
FNDA:0,(anonymous_0)
DA:7,0
DA:8,0
DA:9,0
DA:22,0
DA:23,0
DA:24,0
DA:25,0
DA:26,0
DA:27,0
DA:28,0
DA:29,0
DA:30,0
DA:32,0
DA:35,0
DA:36,0
DA:37,0
LF:16
LH:0
BRF:0
BRH:0
end_of_record
TN:
SF:app/javascript/utils/haptics.js
FN:2,(anonymous_0)
FN:6,(anonymous_1)
FN:12,(anonymous_2)
FN:18,(anonymous_3)
FN:24,(anonymous_4)
FN:30,(anonymous_5)
FN:36,(anonymous_6)
FN:40,(anonymous_7)
FN:53,(anonymous_8)
FNF:9
FNH:6
FNDA:17,(anonymous_0)
FNDA:7,(anonymous_1)
FNDA:5,(anonymous_2)
FNDA:2,(anonymous_3)
FNDA:1,(anonymous_4)
FNDA:1,(anonymous_5)
FNDA:0,(anonymous_6)
FNDA:0,(anonymous_7)
FNDA:0,(anonymous_8)
DA:3,17
DA:7,7
DA:8,7
DA:13,5
DA:14,5
DA:19,2
DA:20,2
DA:25,1
DA:26,1
DA:31,1
DA:32,1
DA:37,0
DA:41,0
DA:43,0
DA:44,0
DA:46,0
DA:47,0
DA:49,0
DA:54,0
DA:57,0
DA:58,0
DA:61,0
LF:22
LH:11
BRDA:7,0,0,7
BRDA:7,0,1,0
BRDA:13,1,0,5
BRDA:13,1,1,0
BRDA:19,2,0,2
BRDA:19,2,1,0
BRDA:25,3,0,1
BRDA:25,3,1,0
BRDA:31,4,0,1
BRDA:31,4,1,0
BRDA:40,5,0,0
BRDA:41,6,0,0
BRDA:41,6,1,0
BRDA:41,6,2,0
BRDA:53,7,0,0
BRDA:54,8,0,0
BRDA:54,8,1,0
BRDA:54,8,2,0
BRDA:54,8,3,0
BRF:19
BRH:5
end_of_record
TN:
SF:app/javascript/utils/ripple.js
FN:2,createRipple
FN:30,(anonymous_1)
FN:35,(anonymous_2)
FN:41,addRippleEffect
FN:49,(anonymous_4)
FN:56,(anonymous_5)
FNF:6
FNH:6
FNDA:20,createRipple
FNDA:7,(anonymous_1)
FNDA:5,(anonymous_2)
FNDA:14,addRippleEffect
FNDA:18,(anonymous_4)
FNDA:16,(anonymous_5)
DA:3,20
DA:4,20
DA:7,20
DA:10,20
DA:11,20
DA:13,20
DA:14,20
DA:15,20
DA:16,20
DA:19,20
DA:20,20
DA:21,0
DA:25,20
DA:27,20
DA:30,20
DA:31,7
DA:35,20
DA:36,5
DA:43,14
DA:44,14
DA:45,1
DA:47,14
DA:49,14
DA:50,18
DA:53,14
DA:56,14
DA:57,16
LF:27
LH:26
BRDA:20,0,0,0
BRDA:20,0,1,20
BRDA:44,1,0,1
BRDA:44,1,1,13
BRF:4
BRH:3
end_of_record
